4/26/2017 23:34:16 PM - Launch Browser: IE version 9.11.14393.0
4/26/2017 23:34:54 PM - Launch Browser: IE version 9.11.14393.0
4/26/2017 23:36:43 PM - Save Script: Version 12.5.0.3.1012 User Juliana
4/26/2017 23:39:05 PM - Launch Browser: IE version 9.11.14393.0
4/27/2017 01:03:02 AM - Save Script: Version 12.5.0.3.1012 User Juliana
4/28/2017 02:36:46 AM - Save Script: Version 12.5.0.3.1012 User Juliana
4/28/2017 02:39:09 AM - Upgrade Script Results: Successfully upgraded script results.
4/28/2017 02:42:05 AM - Save Script: Version 12.5.0.3.1012 User Juliana
5/02/2017 01:26:55 AM - Upgrade Script Results: Successfully upgraded script results.
5/10/2017 15:35:30 PM - Upgrade Script Results: Successfully upgraded script results.
5/12/2017 15:55:51 PM - Upgrade Script Results: Successfully upgraded script results.
5/12/2017 15:57:23 PM - Save Script: Version 12.5.0.3.1012 User Juliana
5/14/2017 14:17:38 PM - Upgrade Script Results: Successfully upgraded script results.
5/17/2017 16:22:43 PM - Upgrade Script Results: Successfully upgraded script results.
5/17/2017 17:07:25 PM - Upgrade Script Results: Successfully upgraded script results.
5/17/2017 17:12:21 PM - Upgrade Script Results: Successfully upgraded script results.
5/19/2017 00:47:17 AM - Upgrade Script Results: Successfully upgraded script results.
5/19/2017 01:03:15 AM - Upgrade Script Results: Successfully upgraded script results.
5/21/2017 22:01:30 PM - Upgrade Script Results: Successfully upgraded script results.
5/21/2017 22:02:00 PM - Upgrade Script Results: Successfully upgraded script results.